<?xml version="1.0" encoding="UTF-8"?>
<testsuite xmlns:xsi="http://www.w3.org/2001/XMLSchema-instance" xsi:noNamespaceSchemaLocation="https://maven.apache.org/surefire/maven-surefire-plugin/xsd/surefire-test-report.xsd" name="com.example.loginservice.LoginServiceApplicationTests" time="17.061" tests="7" errors="1" skipped="0" failures="0">
  <properties>
    <property name="sun.desktop" value="windows"/>
    <property name="awt.toolkit" value="sun.awt.windows.WToolkit"/>
    <property name="file.encoding.pkg" value="sun.io"/>
    <property name="java.specification.version" value="1.8"/>
    <property name="sun.cpu.isalist" value="amd64"/>
    <property name="sun.jnu.encoding" value="GBK"/>
    <property name="java.class.path" value="F:\毕设代码\login-service\target\test-classes;F:\毕设代码\login-service\target\classes;D:\sofeware\Maven\repository\org\springframework\boot\spring-boot-starter\2.6.4\spring-boot-starter-2.6.4.jar;D:\sofeware\Maven\repository\org\springframework\boot\spring-boot\2.6.4\spring-boot-2.6.4.jar;D:\sofeware\Maven\repository\org\springframework\spring-context\5.3.16\spring-context-5.3.16.jar;D:\sofeware\Maven\repository\org\springframework\boot\spring-boot-autoconfigure\2.6.4\spring-boot-autoconfigure-2.6.4.jar;D:\sofeware\Maven\repository\org\springframework\boot\spring-boot-starter-logging\2.6.4\spring-boot-starter-logging-2.6.4.jar;D:\sofeware\Maven\repository\ch\qos\logback\logback-classic\1.2.10\logback-classic-1.2.10.jar;D:\sofeware\Maven\repository\ch\qos\logback\logback-core\1.2.10\logback-core-1.2.10.jar;D:\sofeware\Maven\repository\org\apache\logging\log4j\log4j-to-slf4j\2.17.1\log4j-to-slf4j-2.17.1.jar;D:\sofeware\Maven\repository\org\apache\logging\log4j\log4j-api\2.17.1\log4j-api-2.17.1.jar;D:\sofeware\Maven\repository\org\slf4j\jul-to-slf4j\1.7.36\jul-to-slf4j-1.7.36.jar;D:\sofeware\Maven\repository\jakarta\annotation\jakarta.annotation-api\1.3.5\jakarta.annotation-api-1.3.5.jar;D:\sofeware\Maven\repository\org\springframework\spring-core\5.3.16\spring-core-5.3.16.jar;D:\sofeware\Maven\repository\org\springframework\spring-jcl\5.3.16\spring-jcl-5.3.16.jar;D:\sofeware\Maven\repository\org\yaml\snakeyaml\1.29\snakeyaml-1.29.jar;D:\sofeware\Maven\repository\org\springframework\boot\spring-boot-starter-test\2.6.4\spring-boot-starter-test-2.6.4.jar;D:\sofeware\Maven\repository\org\springframework\boot\spring-boot-test\2.6.4\spring-boot-test-2.6.4.jar;D:\sofeware\Maven\repository\org\springframework\boot\spring-boot-test-autoconfigure\2.6.4\spring-boot-test-autoconfigure-2.6.4.jar;D:\sofeware\Maven\repository\com\jayway\jsonpath\json-path\2.6.0\json-path-2.6.0.jar;D:\sofeware\Maven\repository\net\minidev\json-smart\2.4.8\json-smart-2.4.8.jar;D:\sofeware\Maven\repository\net\minidev\accessors-smart\2.4.8\accessors-smart-2.4.8.jar;D:\sofeware\Maven\repository\org\ow2\asm\asm\9.1\asm-9.1.jar;D:\sofeware\Maven\repository\jakarta\xml\bind\jakarta.xml.bind-api\2.3.3\jakarta.xml.bind-api-2.3.3.jar;D:\sofeware\Maven\repository\jakarta\activation\jakarta.activation-api\1.2.2\jakarta.activation-api-1.2.2.jar;D:\sofeware\Maven\repository\org\assertj\assertj-core\3.21.0\assertj-core-3.21.0.jar;D:\sofeware\Maven\repository\org\hamcrest\hamcrest\2.2\hamcrest-2.2.jar;D:\sofeware\Maven\repository\org\junit\jupiter\junit-jupiter\5.8.2\junit-jupiter-5.8.2.jar;D:\sofeware\Maven\repository\org\junit\jupiter\junit-jupiter-api\5.8.2\junit-jupiter-api-5.8.2.jar;D:\sofeware\Maven\repository\org\opentest4j\opentest4j\1.2.0\opentest4j-1.2.0.jar;D:\sofeware\Maven\repository\org\junit\platform\junit-platform-commons\1.8.2\junit-platform-commons-1.8.2.jar;D:\sofeware\Maven\repository\org\apiguardian\apiguardian-api\1.1.2\apiguardian-api-1.1.2.jar;D:\sofeware\Maven\repository\org\junit\jupiter\junit-jupiter-params\5.8.2\junit-jupiter-params-5.8.2.jar;D:\sofeware\Maven\repository\org\junit\jupiter\junit-jupiter-engine\5.8.2\junit-jupiter-engine-5.8.2.jar;D:\sofeware\Maven\repository\org\junit\platform\junit-platform-engine\1.8.2\junit-platform-engine-1.8.2.jar;D:\sofeware\Maven\repository\org\mockito\mockito-core\4.0.0\mockito-core-4.0.0.jar;D:\sofeware\Maven\repository\net\bytebuddy\byte-buddy\1.11.22\byte-buddy-1.11.22.jar;D:\sofeware\Maven\repository\net\bytebuddy\byte-buddy-agent\1.11.22\byte-buddy-agent-1.11.22.jar;D:\sofeware\Maven\repository\org\objenesis\objenesis\3.2\objenesis-3.2.jar;D:\sofeware\Maven\repository\org\mockito\mockito-junit-jupiter\4.0.0\mockito-junit-jupiter-4.0.0.jar;D:\sofeware\Maven\repository\org\skyscreamer\jsonassert\1.5.0\jsonassert-1.5.0.jar;D:\sofeware\Maven\repository\com\vaadin\external\google\android-json\0.0.20131108.vaadin1\android-json-0.0.20131108.vaadin1.jar;D:\sofeware\Maven\repository\org\springframework\spring-test\5.3.16\spring-test-5.3.16.jar;D:\sofeware\Maven\repository\org\xmlunit\xmlunit-core\2.8.4\xmlunit-core-2.8.4.jar;D:\sofeware\Maven\repository\org\springframework\boot\spring-boot-starter-web\2.6.4\spring-boot-starter-web-2.6.4.jar;D:\sofeware\Maven\repository\org\springframework\boot\spring-boot-starter-json\2.6.4\spring-boot-starter-json-2.6.4.jar;D:\sofeware\Maven\repository\com\fasterxml\jackson\datatype\jackson-datatype-jdk8\2.13.1\jackson-datatype-jdk8-2.13.1.jar;D:\sofeware\Maven\repository\com\fasterxml\jackson\datatype\jackson-datatype-jsr310\2.13.1\jackson-datatype-jsr310-2.13.1.jar;D:\sofeware\Maven\repository\com\fasterxml\jackson\module\jackson-module-parameter-names\2.13.1\jackson-module-parameter-names-2.13.1.jar;D:\sofeware\Maven\repository\org\springframework\boot\spring-boot-starter-tomcat\2.6.4\spring-boot-starter-tomcat-2.6.4.jar;D:\sofeware\Maven\repository\org\apache\tomcat\embed\tomcat-embed-core\9.0.58\tomcat-embed-core-9.0.58.jar;D:\sofeware\Maven\repository\org\apache\tomcat\embed\tomcat-embed-el\9.0.58\tomcat-embed-el-9.0.58.jar;D:\sofeware\Maven\repository\org\apache\tomcat\embed\tomcat-embed-websocket\9.0.58\tomcat-embed-websocket-9.0.58.jar;D:\sofeware\Maven\repository\org\springframework\spring-web\5.3.16\spring-web-5.3.16.jar;D:\sofeware\Maven\repository\org\springframework\spring-beans\5.3.16\spring-beans-5.3.16.jar;D:\sofeware\Maven\repository\org\springframework\spring-webmvc\5.3.16\spring-webmvc-5.3.16.jar;D:\sofeware\Maven\repository\org\springframework\spring-expression\5.3.16\spring-expression-5.3.16.jar;D:\sofeware\Maven\repository\org\springframework\boot\spring-boot-starter-security\2.6.4\spring-boot-starter-security-2.6.4.jar;D:\sofeware\Maven\repository\org\springframework\spring-aop\5.3.16\spring-aop-5.3.16.jar;D:\sofeware\Maven\repository\org\springframework\security\spring-security-config\5.6.2\spring-security-config-5.6.2.jar;D:\sofeware\Maven\repository\org\springframework\security\spring-security-core\5.6.2\spring-security-core-5.6.2.jar;D:\sofeware\Maven\repository\org\springframework\security\spring-security-crypto\5.6.2\spring-security-crypto-5.6.2.jar;D:\sofeware\Maven\repository\org\springframework\security\spring-security-web\5.6.2\spring-security-web-5.6.2.jar;D:\sofeware\Maven\repository\io\jsonwebtoken\jjwt\0.9.1\jjwt-0.9.1.jar;D:\sofeware\Maven\repository\com\fasterxml\jackson\core\jackson-databind\2.13.1\jackson-databind-2.13.1.jar;D:\sofeware\Maven\repository\com\fasterxml\jackson\core\jackson-annotations\2.13.1\jackson-annotations-2.13.1.jar;D:\sofeware\Maven\repository\com\fasterxml\jackson\core\jackson-core\2.13.1\jackson-core-2.13.1.jar;D:\sofeware\Maven\repository\mysql\mysql-connector-java\8.0.28\mysql-connector-java-8.0.28.jar;D:\sofeware\Maven\repository\com\baomidou\mybatis-plus-boot-starter\3.4.1\mybatis-plus-boot-starter-3.4.1.jar;D:\sofeware\Maven\repository\com\baomidou\mybatis-plus\3.4.1\mybatis-plus-3.4.1.jar;D:\sofeware\Maven\repository\com\baomidou\mybatis-plus-extension\3.4.1\mybatis-plus-extension-3.4.1.jar;D:\sofeware\Maven\repository\com\baomidou\mybatis-plus-core\3.4.1\mybatis-plus-core-3.4.1.jar;D:\sofeware\Maven\repository\com\baomidou\mybatis-plus-annotation\3.4.1\mybatis-plus-annotation-3.4.1.jar;D:\sofeware\Maven\repository\com\github\jsqlparser\jsqlparser\3.2\jsqlparser-3.2.jar;D:\sofeware\Maven\repository\org\mybatis\mybatis\3.5.6\mybatis-3.5.6.jar;D:\sofeware\Maven\repository\org\mybatis\mybatis-spring\2.0.5\mybatis-spring-2.0.5.jar;D:\sofeware\Maven\repository\org\springframework\boot\spring-boot-starter-jdbc\2.6.4\spring-boot-starter-jdbc-2.6.4.jar;D:\sofeware\Maven\repository\com\zaxxer\HikariCP\4.0.3\HikariCP-4.0.3.jar;D:\sofeware\Maven\repository\org\springframework\spring-jdbc\5.3.16\spring-jdbc-5.3.16.jar;D:\sofeware\Maven\repository\com\baomidou\mybatis-plus-generator\3.5.2\mybatis-plus-generator-3.5.2.jar;D:\sofeware\Maven\repository\org\freemarker\freemarker\2.3.31\freemarker-2.3.31.jar;D:\sofeware\Maven\repository\org\springframework\boot\spring-boot-starter-data-redis\2.6.4\spring-boot-starter-data-redis-2.6.4.jar;D:\sofeware\Maven\repository\org\springframework\data\spring-data-redis\2.6.2\spring-data-redis-2.6.2.jar;D:\sofeware\Maven\repository\org\springframework\data\spring-data-keyvalue\2.6.2\spring-data-keyvalue-2.6.2.jar;D:\sofeware\Maven\repository\org\springframework\data\spring-data-commons\2.6.2\spring-data-commons-2.6.2.jar;D:\sofeware\Maven\repository\org\springframework\spring-tx\5.3.16\spring-tx-5.3.16.jar;D:\sofeware\Maven\repository\org\springframework\spring-oxm\5.3.16\spring-oxm-5.3.16.jar;D:\sofeware\Maven\repository\org\springframework\spring-context-support\5.3.16\spring-context-support-5.3.16.jar;D:\sofeware\Maven\repository\io\lettuce\lettuce-core\6.1.6.RELEASE\lettuce-core-6.1.6.RELEASE.jar;D:\sofeware\Maven\repository\io\netty\netty-common\4.1.74.Final\netty-common-4.1.74.Final.jar;D:\sofeware\Maven\repository\io\netty\netty-handler\4.1.74.Final\netty-handler-4.1.74.Final.jar;D:\sofeware\Maven\repository\io\netty\netty-resolver\4.1.74.Final\netty-resolver-4.1.74.Final.jar;D:\sofeware\Maven\repository\io\netty\netty-buffer\4.1.74.Final\netty-buffer-4.1.74.Final.jar;D:\sofeware\Maven\repository\io\netty\netty-codec\4.1.74.Final\netty-codec-4.1.74.Final.jar;D:\sofeware\Maven\repository\io\netty\netty-tcnative-classes\2.0.48.Final\netty-tcnative-classes-2.0.48.Final.jar;D:\sofeware\Maven\repository\io\netty\netty-transport\4.1.74.Final\netty-transport-4.1.74.Final.jar;D:\sofeware\Maven\repository\io\projectreactor\reactor-core\3.4.15\reactor-core-3.4.15.jar;D:\sofeware\Maven\repository\org\reactivestreams\reactive-streams\1.0.3\reactive-streams-1.0.3.jar;D:\sofeware\Maven\repository\io\springfox\springfox-swagger-ui\2.10.5\springfox-swagger-ui-2.10.5.jar;D:\sofeware\Maven\repository\io\springfox\springfox-swagger2\2.10.5\springfox-swagger2-2.10.5.jar;D:\sofeware\Maven\repository\io\swagger\swagger-annotations\1.5.20\swagger-annotations-1.5.20.jar;D:\sofeware\Maven\repository\io\swagger\swagger-models\1.5.20\swagger-models-1.5.20.jar;D:\sofeware\Maven\repository\io\springfox\springfox-spi\2.10.5\springfox-spi-2.10.5.jar;D:\sofeware\Maven\repository\io\springfox\springfox-core\2.10.5\springfox-core-2.10.5.jar;D:\sofeware\Maven\repository\io\springfox\springfox-schema\2.10.5\springfox-schema-2.10.5.jar;D:\sofeware\Maven\repository\io\springfox\springfox-swagger-common\2.10.5\springfox-swagger-common-2.10.5.jar;D:\sofeware\Maven\repository\io\springfox\springfox-spring-web\2.10.5\springfox-spring-web-2.10.5.jar;D:\sofeware\Maven\repository\io\github\classgraph\classgraph\4.1.7\classgraph-4.1.7.jar;D:\sofeware\Maven\repository\com\fasterxml\classmate\1.5.1\classmate-1.5.1.jar;D:\sofeware\Maven\repository\org\slf4j\slf4j-api\1.7.36\slf4j-api-1.7.36.jar;D:\sofeware\Maven\repository\org\springframework\plugin\spring-plugin-core\2.0.0.RELEASE\spring-plugin-core-2.0.0.RELEASE.jar;D:\sofeware\Maven\repository\org\springframework\plugin\spring-plugin-metadata\2.0.0.RELEASE\spring-plugin-metadata-2.0.0.RELEASE.jar;D:\sofeware\Maven\repository\org\mapstruct\mapstruct\1.3.1.Final\mapstruct-1.3.1.Final.jar;D:\sofeware\Maven\repository\com\github\axet\kaptcha\0.0.9\kaptcha-0.0.9.jar;D:\sofeware\Maven\repository\com\jhlabs\filters\2.0.235\filters-2.0.235.jar;D:\sofeware\Maven\repository\cn\hutool\hutool-all\5.7.20\hutool-all-5.7.20.jar;D:\sofeware\Maven\repository\org\projectlombok\lombok\1.18.22\lombok-1.18.22.jar;"/>
    <property name="java.vm.vendor" value="Oracle Corporation"/>
    <property name="sun.arch.data.model" value="64"/>
    <property name="user.variant" value=""/>
    <property name="java.vendor.url" value="http://java.oracle.com/"/>
    <property name="user.timezone" value="Asia/Shanghai"/>
    <property name="java.vm.specification.version" value="1.8"/>
    <property name="os.name" value="Windows 10"/>
    <property name="user.country" value="CN"/>
    <property name="sun.java.launcher" value="SUN_STANDARD"/>
    <property name="sun.boot.library.path" value="C:\Program Files\Java\jdk1.8.0_281\jre\bin"/>
    <property name="sun.java.command" value="C:\Users\lang\AppData\Local\Temp\surefire8497232398046614497\surefirebooter9183647313412431024.jar C:\Users\lang\AppData\Local\Temp\surefire8497232398046614497 2022-03-17T23-38-29_562-jvmRun1 surefire6979279558114575130tmp surefire_06288288397105829368tmp"/>
    <property name="surefire.test.class.path" value="F:\毕设代码\login-service\target\test-classes;F:\毕设代码\login-service\target\classes;D:\sofeware\Maven\repository\org\springframework\boot\spring-boot-starter\2.6.4\spring-boot-starter-2.6.4.jar;D:\sofeware\Maven\repository\org\springframework\boot\spring-boot\2.6.4\spring-boot-2.6.4.jar;D:\sofeware\Maven\repository\org\springframework\spring-context\5.3.16\spring-context-5.3.16.jar;D:\sofeware\Maven\repository\org\springframework\boot\spring-boot-autoconfigure\2.6.4\spring-boot-autoconfigure-2.6.4.jar;D:\sofeware\Maven\repository\org\springframework\boot\spring-boot-starter-logging\2.6.4\spring-boot-starter-logging-2.6.4.jar;D:\sofeware\Maven\repository\ch\qos\logback\logback-classic\1.2.10\logback-classic-1.2.10.jar;D:\sofeware\Maven\repository\ch\qos\logback\logback-core\1.2.10\logback-core-1.2.10.jar;D:\sofeware\Maven\repository\org\apache\logging\log4j\log4j-to-slf4j\2.17.1\log4j-to-slf4j-2.17.1.jar;D:\sofeware\Maven\repository\org\apache\logging\log4j\log4j-api\2.17.1\log4j-api-2.17.1.jar;D:\sofeware\Maven\repository\org\slf4j\jul-to-slf4j\1.7.36\jul-to-slf4j-1.7.36.jar;D:\sofeware\Maven\repository\jakarta\annotation\jakarta.annotation-api\1.3.5\jakarta.annotation-api-1.3.5.jar;D:\sofeware\Maven\repository\org\springframework\spring-core\5.3.16\spring-core-5.3.16.jar;D:\sofeware\Maven\repository\org\springframework\spring-jcl\5.3.16\spring-jcl-5.3.16.jar;D:\sofeware\Maven\repository\org\yaml\snakeyaml\1.29\snakeyaml-1.29.jar;D:\sofeware\Maven\repository\org\springframework\boot\spring-boot-starter-test\2.6.4\spring-boot-starter-test-2.6.4.jar;D:\sofeware\Maven\repository\org\springframework\boot\spring-boot-test\2.6.4\spring-boot-test-2.6.4.jar;D:\sofeware\Maven\repository\org\springframework\boot\spring-boot-test-autoconfigure\2.6.4\spring-boot-test-autoconfigure-2.6.4.jar;D:\sofeware\Maven\repository\com\jayway\jsonpath\json-path\2.6.0\json-path-2.6.0.jar;D:\sofeware\Maven\repository\net\minidev\json-smart\2.4.8\json-smart-2.4.8.jar;D:\sofeware\Maven\repository\net\minidev\accessors-smart\2.4.8\accessors-smart-2.4.8.jar;D:\sofeware\Maven\repository\org\ow2\asm\asm\9.1\asm-9.1.jar;D:\sofeware\Maven\repository\jakarta\xml\bind\jakarta.xml.bind-api\2.3.3\jakarta.xml.bind-api-2.3.3.jar;D:\sofeware\Maven\repository\jakarta\activation\jakarta.activation-api\1.2.2\jakarta.activation-api-1.2.2.jar;D:\sofeware\Maven\repository\org\assertj\assertj-core\3.21.0\assertj-core-3.21.0.jar;D:\sofeware\Maven\repository\org\hamcrest\hamcrest\2.2\hamcrest-2.2.jar;D:\sofeware\Maven\repository\org\junit\jupiter\junit-jupiter\5.8.2\junit-jupiter-5.8.2.jar;D:\sofeware\Maven\repository\org\junit\jupiter\junit-jupiter-api\5.8.2\junit-jupiter-api-5.8.2.jar;D:\sofeware\Maven\repository\org\opentest4j\opentest4j\1.2.0\opentest4j-1.2.0.jar;D:\sofeware\Maven\repository\org\junit\platform\junit-platform-commons\1.8.2\junit-platform-commons-1.8.2.jar;D:\sofeware\Maven\repository\org\apiguardian\apiguardian-api\1.1.2\apiguardian-api-1.1.2.jar;D:\sofeware\Maven\repository\org\junit\jupiter\junit-jupiter-params\5.8.2\junit-jupiter-params-5.8.2.jar;D:\sofeware\Maven\repository\org\junit\jupiter\junit-jupiter-engine\5.8.2\junit-jupiter-engine-5.8.2.jar;D:\sofeware\Maven\repository\org\junit\platform\junit-platform-engine\1.8.2\junit-platform-engine-1.8.2.jar;D:\sofeware\Maven\repository\org\mockito\mockito-core\4.0.0\mockito-core-4.0.0.jar;D:\sofeware\Maven\repository\net\bytebuddy\byte-buddy\1.11.22\byte-buddy-1.11.22.jar;D:\sofeware\Maven\repository\net\bytebuddy\byte-buddy-agent\1.11.22\byte-buddy-agent-1.11.22.jar;D:\sofeware\Maven\repository\org\objenesis\objenesis\3.2\objenesis-3.2.jar;D:\sofeware\Maven\repository\org\mockito\mockito-junit-jupiter\4.0.0\mockito-junit-jupiter-4.0.0.jar;D:\sofeware\Maven\repository\org\skyscreamer\jsonassert\1.5.0\jsonassert-1.5.0.jar;D:\sofeware\Maven\repository\com\vaadin\external\google\android-json\0.0.20131108.vaadin1\android-json-0.0.20131108.vaadin1.jar;D:\sofeware\Maven\repository\org\springframework\spring-test\5.3.16\spring-test-5.3.16.jar;D:\sofeware\Maven\repository\org\xmlunit\xmlunit-core\2.8.4\xmlunit-core-2.8.4.jar;D:\sofeware\Maven\repository\org\springframework\boot\spring-boot-starter-web\2.6.4\spring-boot-starter-web-2.6.4.jar;D:\sofeware\Maven\repository\org\springframework\boot\spring-boot-starter-json\2.6.4\spring-boot-starter-json-2.6.4.jar;D:\sofeware\Maven\repository\com\fasterxml\jackson\datatype\jackson-datatype-jdk8\2.13.1\jackson-datatype-jdk8-2.13.1.jar;D:\sofeware\Maven\repository\com\fasterxml\jackson\datatype\jackson-datatype-jsr310\2.13.1\jackson-datatype-jsr310-2.13.1.jar;D:\sofeware\Maven\repository\com\fasterxml\jackson\module\jackson-module-parameter-names\2.13.1\jackson-module-parameter-names-2.13.1.jar;D:\sofeware\Maven\repository\org\springframework\boot\spring-boot-starter-tomcat\2.6.4\spring-boot-starter-tomcat-2.6.4.jar;D:\sofeware\Maven\repository\org\apache\tomcat\embed\tomcat-embed-core\9.0.58\tomcat-embed-core-9.0.58.jar;D:\sofeware\Maven\repository\org\apache\tomcat\embed\tomcat-embed-el\9.0.58\tomcat-embed-el-9.0.58.jar;D:\sofeware\Maven\repository\org\apache\tomcat\embed\tomcat-embed-websocket\9.0.58\tomcat-embed-websocket-9.0.58.jar;D:\sofeware\Maven\repository\org\springframework\spring-web\5.3.16\spring-web-5.3.16.jar;D:\sofeware\Maven\repository\org\springframework\spring-beans\5.3.16\spring-beans-5.3.16.jar;D:\sofeware\Maven\repository\org\springframework\spring-webmvc\5.3.16\spring-webmvc-5.3.16.jar;D:\sofeware\Maven\repository\org\springframework\spring-expression\5.3.16\spring-expression-5.3.16.jar;D:\sofeware\Maven\repository\org\springframework\boot\spring-boot-starter-security\2.6.4\spring-boot-starter-security-2.6.4.jar;D:\sofeware\Maven\repository\org\springframework\spring-aop\5.3.16\spring-aop-5.3.16.jar;D:\sofeware\Maven\repository\org\springframework\security\spring-security-config\5.6.2\spring-security-config-5.6.2.jar;D:\sofeware\Maven\repository\org\springframework\security\spring-security-core\5.6.2\spring-security-core-5.6.2.jar;D:\sofeware\Maven\repository\org\springframework\security\spring-security-crypto\5.6.2\spring-security-crypto-5.6.2.jar;D:\sofeware\Maven\repository\org\springframework\security\spring-security-web\5.6.2\spring-security-web-5.6.2.jar;D:\sofeware\Maven\repository\io\jsonwebtoken\jjwt\0.9.1\jjwt-0.9.1.jar;D:\sofeware\Maven\repository\com\fasterxml\jackson\core\jackson-databind\2.13.1\jackson-databind-2.13.1.jar;D:\sofeware\Maven\repository\com\fasterxml\jackson\core\jackson-annotations\2.13.1\jackson-annotations-2.13.1.jar;D:\sofeware\Maven\repository\com\fasterxml\jackson\core\jackson-core\2.13.1\jackson-core-2.13.1.jar;D:\sofeware\Maven\repository\mysql\mysql-connector-java\8.0.28\mysql-connector-java-8.0.28.jar;D:\sofeware\Maven\repository\com\baomidou\mybatis-plus-boot-starter\3.4.1\mybatis-plus-boot-starter-3.4.1.jar;D:\sofeware\Maven\repository\com\baomidou\mybatis-plus\3.4.1\mybatis-plus-3.4.1.jar;D:\sofeware\Maven\repository\com\baomidou\mybatis-plus-extension\3.4.1\mybatis-plus-extension-3.4.1.jar;D:\sofeware\Maven\repository\com\baomidou\mybatis-plus-core\3.4.1\mybatis-plus-core-3.4.1.jar;D:\sofeware\Maven\repository\com\baomidou\mybatis-plus-annotation\3.4.1\mybatis-plus-annotation-3.4.1.jar;D:\sofeware\Maven\repository\com\github\jsqlparser\jsqlparser\3.2\jsqlparser-3.2.jar;D:\sofeware\Maven\repository\org\mybatis\mybatis\3.5.6\mybatis-3.5.6.jar;D:\sofeware\Maven\repository\org\mybatis\mybatis-spring\2.0.5\mybatis-spring-2.0.5.jar;D:\sofeware\Maven\repository\org\springframework\boot\spring-boot-starter-jdbc\2.6.4\spring-boot-starter-jdbc-2.6.4.jar;D:\sofeware\Maven\repository\com\zaxxer\HikariCP\4.0.3\HikariCP-4.0.3.jar;D:\sofeware\Maven\repository\org\springframework\spring-jdbc\5.3.16\spring-jdbc-5.3.16.jar;D:\sofeware\Maven\repository\com\baomidou\mybatis-plus-generator\3.5.2\mybatis-plus-generator-3.5.2.jar;D:\sofeware\Maven\repository\org\freemarker\freemarker\2.3.31\freemarker-2.3.31.jar;D:\sofeware\Maven\repository\org\springframework\boot\spring-boot-starter-data-redis\2.6.4\spring-boot-starter-data-redis-2.6.4.jar;D:\sofeware\Maven\repository\org\springframework\data\spring-data-redis\2.6.2\spring-data-redis-2.6.2.jar;D:\sofeware\Maven\repository\org\springframework\data\spring-data-keyvalue\2.6.2\spring-data-keyvalue-2.6.2.jar;D:\sofeware\Maven\repository\org\springframework\data\spring-data-commons\2.6.2\spring-data-commons-2.6.2.jar;D:\sofeware\Maven\repository\org\springframework\spring-tx\5.3.16\spring-tx-5.3.16.jar;D:\sofeware\Maven\repository\org\springframework\spring-oxm\5.3.16\spring-oxm-5.3.16.jar;D:\sofeware\Maven\repository\org\springframework\spring-context-support\5.3.16\spring-context-support-5.3.16.jar;D:\sofeware\Maven\repository\io\lettuce\lettuce-core\6.1.6.RELEASE\lettuce-core-6.1.6.RELEASE.jar;D:\sofeware\Maven\repository\io\netty\netty-common\4.1.74.Final\netty-common-4.1.74.Final.jar;D:\sofeware\Maven\repository\io\netty\netty-handler\4.1.74.Final\netty-handler-4.1.74.Final.jar;D:\sofeware\Maven\repository\io\netty\netty-resolver\4.1.74.Final\netty-resolver-4.1.74.Final.jar;D:\sofeware\Maven\repository\io\netty\netty-buffer\4.1.74.Final\netty-buffer-4.1.74.Final.jar;D:\sofeware\Maven\repository\io\netty\netty-codec\4.1.74.Final\netty-codec-4.1.74.Final.jar;D:\sofeware\Maven\repository\io\netty\netty-tcnative-classes\2.0.48.Final\netty-tcnative-classes-2.0.48.Final.jar;D:\sofeware\Maven\repository\io\netty\netty-transport\4.1.74.Final\netty-transport-4.1.74.Final.jar;D:\sofeware\Maven\repository\io\projectreactor\reactor-core\3.4.15\reactor-core-3.4.15.jar;D:\sofeware\Maven\repository\org\reactivestreams\reactive-streams\1.0.3\reactive-streams-1.0.3.jar;D:\sofeware\Maven\repository\io\springfox\springfox-swagger-ui\2.10.5\springfox-swagger-ui-2.10.5.jar;D:\sofeware\Maven\repository\io\springfox\springfox-swagger2\2.10.5\springfox-swagger2-2.10.5.jar;D:\sofeware\Maven\repository\io\swagger\swagger-annotations\1.5.20\swagger-annotations-1.5.20.jar;D:\sofeware\Maven\repository\io\swagger\swagger-models\1.5.20\swagger-models-1.5.20.jar;D:\sofeware\Maven\repository\io\springfox\springfox-spi\2.10.5\springfox-spi-2.10.5.jar;D:\sofeware\Maven\repository\io\springfox\springfox-core\2.10.5\springfox-core-2.10.5.jar;D:\sofeware\Maven\repository\io\springfox\springfox-schema\2.10.5\springfox-schema-2.10.5.jar;D:\sofeware\Maven\repository\io\springfox\springfox-swagger-common\2.10.5\springfox-swagger-common-2.10.5.jar;D:\sofeware\Maven\repository\io\springfox\springfox-spring-web\2.10.5\springfox-spring-web-2.10.5.jar;D:\sofeware\Maven\repository\io\github\classgraph\classgraph\4.1.7\classgraph-4.1.7.jar;D:\sofeware\Maven\repository\com\fasterxml\classmate\1.5.1\classmate-1.5.1.jar;D:\sofeware\Maven\repository\org\slf4j\slf4j-api\1.7.36\slf4j-api-1.7.36.jar;D:\sofeware\Maven\repository\org\springframework\plugin\spring-plugin-core\2.0.0.RELEASE\spring-plugin-core-2.0.0.RELEASE.jar;D:\sofeware\Maven\repository\org\springframework\plugin\spring-plugin-metadata\2.0.0.RELEASE\spring-plugin-metadata-2.0.0.RELEASE.jar;D:\sofeware\Maven\repository\org\mapstruct\mapstruct\1.3.1.Final\mapstruct-1.3.1.Final.jar;D:\sofeware\Maven\repository\com\github\axet\kaptcha\0.0.9\kaptcha-0.0.9.jar;D:\sofeware\Maven\repository\com\jhlabs\filters\2.0.235\filters-2.0.235.jar;D:\sofeware\Maven\repository\cn\hutool\hutool-all\5.7.20\hutool-all-5.7.20.jar;D:\sofeware\Maven\repository\org\projectlombok\lombok\1.18.22\lombok-1.18.22.jar;"/>
    <property name="sun.cpu.endian" value="little"/>
    <property name="user.home" value="C:\Users\lang"/>
    <property name="user.language" value="zh"/>
    <property name="java.specification.vendor" value="Oracle Corporation"/>
    <property name="java.home" value="C:\Program Files\Java\jdk1.8.0_281\jre"/>
    <property name="basedir" value="F:\毕设代码\login-service"/>
    <property name="file.separator" value="\"/>
    <property name="line.separator" value="&#10;"/>
    <property name="java.vm.specification.vendor" value="Oracle Corporation"/>
    <property name="java.specification.name" value="Java Platform API Specification"/>
    <property name="java.awt.graphicsenv" value="sun.awt.Win32GraphicsEnvironment"/>
    <property name="surefire.real.class.path" value="C:\Users\lang\AppData\Local\Temp\surefire8497232398046614497\surefirebooter9183647313412431024.jar"/>
    <property name="sun.boot.class.path" value="C:\Program Files\Java\jdk1.8.0_281\jre\lib\resources.jar;C:\Program Files\Java\jdk1.8.0_281\jre\lib\rt.jar;C:\Program Files\Java\jdk1.8.0_281\jre\lib\sunrsasign.jar;C:\Program Files\Java\jdk1.8.0_281\jre\lib\jsse.jar;C:\Program Files\Java\jdk1.8.0_281\jre\lib\jce.jar;C:\Program Files\Java\jdk1.8.0_281\jre\lib\charsets.jar;C:\Program Files\Java\jdk1.8.0_281\jre\lib\jfr.jar;C:\Program Files\Java\jdk1.8.0_281\jre\classes"/>
    <property name="user.script" value=""/>
    <property name="sun.management.compiler" value="HotSpot 64-Bit Tiered Compilers"/>
    <property name="java.runtime.version" value="1.8.0_281-b09"/>
    <property name="user.name" value="lang"/>
    <property name="path.separator" value=";"/>
    <property name="os.version" value="10.0"/>
    <property name="java.endorsed.dirs" value="C:\Program Files\Java\jdk1.8.0_281\jre\lib\endorsed"/>
    <property name="java.runtime.name" value="Java(TM) SE Runtime Environment"/>
    <property name="file.encoding" value="GBK"/>
    <property name="java.vm.name" value="Java HotSpot(TM) 64-Bit Server VM"/>
    <property name="localRepository" value="D:\sofeware\Maven\repository"/>
    <property name="java.vendor.url.bug" value="http://bugreport.sun.com/bugreport/"/>
    <property name="java.io.tmpdir" value="C:\Users\lang\AppData\Local\Temp\"/>
    <property name="idea.version" value="2021.1"/>
    <property name="java.version" value="1.8.0_281"/>
    <property name="user.dir" value="F:\毕设代码\login-service"/>
    <property name="os.arch" value="amd64"/>
    <property name="java.vm.specification.name" value="Java Virtual Machine Specification"/>
    <property name="java.awt.printerjob" value="sun.awt.windows.WPrinterJob"/>
    <property name="sun.os.patch.level" value=""/>
    <property name="java.library.path" value="C:\Program Files\Java\jdk1.8.0_281\jre\bin;C:\WINDOWS\Sun\Java\bin;C:\WINDOWS\system32;C:\WINDOWS;C:\Program Files (x86)\Common Files\Oracle\Java\javapath;C:\WINDOWS\system32;C:\WINDOWS;C:\WINDOWS\System32\Wbem;C:\WINDOWS\System32\WindowsPowerShell\v1.0\;C:\WINDOWS\System32\OpenSSH\;C:\Program Files\Java\jdk1.8.0_281\bin\;C:\Program Files\Java\jdk1.8.0_281\jre\bin\;D:\sofeware\Tomcat\apache-tomcat-9.0.45\bin\;D:\sofeware\Tomcat\apache-tomcat-9.0.45\lib\;D:\sofeware\Maven\apache-maven-3.8.1\bin\;C:\Program Files\Git\cmd;D:\sofeware\nodejs;C:\Program Files\MySQL\MySQL Server 5.7\bin;C:\Users\lang\AppData\Local\Microsoft\WindowsApps;D:\sofeware\bandzip\;D:\sofeware\VSCode\Microsoft VS Code\bin;C:\Users\lang\AppData\Roaming\npm;."/>
    <property name="java.vm.info" value="mixed mode"/>
    <property name="java.vendor" value="Oracle Corporation"/>
    <property name="java.vm.version" value="25.281-b09"/>
    <property name="java.ext.dirs" value="C:\Program Files\Java\jdk1.8.0_281\jre\lib\ext;C:\WINDOWS\Sun\Java\lib\ext"/>
    <property name="sun.io.unicode.encoding" value="UnicodeLittle"/>
    <property name="maven.repo.local" value="D:\sofeware\Maven\repository"/>
    <property name="java.class.version" value="52.0"/>
  </properties>
  <testcase name="getKaptcha" classname="com.example.loginservice.LoginServiceApplicationTests" time="2.589"/>
  <testcase name="test2" classname="com.example.loginservice.LoginServiceApplicationTests" time="0.006"/>
  <testcase name="test3" classname="com.example.loginservice.LoginServiceApplicationTests" time="0.696"/>
  <testcase name="test4" classname="com.example.loginservice.LoginServiceApplicationTests" time="0.144"/>
  <testcase name="test8" classname="com.example.loginservice.LoginServiceApplicationTests" time="0"/>
  <testcase name="test9" classname="com.example.loginservice.LoginServiceApplicationTests" time="0.003">
    <error type="java.lang.UnsupportedOperationException">java.lang.UnsupportedOperationException
	at com.example.loginservice.LoginServiceApplicationTests.test9(LoginServiceApplicationTests.java:132)
</error>
  </testcase>
  <testcase name="contextLoads" classname="com.example.loginservice.LoginServiceApplicationTests" time="0.209"/>
</testsuite>